This file contains any messages produced by compilers while
running configure, to aid debugging if configure makes a mistake.

It was created by configure, which was
generated by GNU Autoconf 2.69.  Invocation command line was

  $ ./configure 

## --------- ##
## Platform. ##
## --------- ##

hostname = sivirk
uname -m = x86_64
uname -r = 3.11.6-200.fc19.x86_64
uname -s = Linux
uname -v = #1 SMP Fri Oct 18 22:34:18 UTC 2013

/usr/bin/uname -p = x86_64
/bin/uname -X     = unknown

/bin/arch              = x86_64
/usr/bin/arch -k       = unknown
/usr/convex/getsysinfo = unknown
/usr/bin/hostinfo      = unknown
/bin/machine           = unknown
/usr/bin/oslevel       = unknown
/bin/universe          = unknown

PATH: /usr/local/heroku/bin
PATH: /usr/lib64/qt-3.3/bin
PATH: /usr/local/bin
PATH: /usr/bin
PATH: /bin
PATH: /usr/local/sbin
PATH: /usr/sbin
PATH: /home/sivirk/.local/bin
PATH: /home/sivirk/bin
PATH: /home/sivirk/.rvm/bin


## ----------- ##
## Core tests. ##
## ----------- ##

configure:2501: checking svn checkout revision
configure:2516: result: 58aa09dM
configure:2559: checking build system type
configure:2573: result: x86_64-unknown-linux-gnu
configure:2593: checking host system type
configure:2606: result: x86_64-unknown-linux-gnu
configure:2676: checking for gcc
configure:2692: found /usr/bin/gcc
configure:2703: result: gcc
configure:2932: checking for C compiler version
configure:2941: gcc --version >&5
gcc (GCC) 4.8.1 20130603 (Red Hat 4.8.1-1)
Copyright (C) 2013 Free Software Foundation, Inc.
This is free software; see the source for copying conditions.  There is NO
warranty; not even for MERCHANTABILITY or FITNESS FOR A PARTICULAR PURPOSE.

configure:2952: $? = 0
configure:2941: gcc -v >&5
Using built-in specs.
COLLECT_GCC=gcc
COLLECT_LTO_WRAPPER=/usr/libexec/gcc/x86_64-redhat-linux/4.8.1/lto-wrapper
Target: x86_64-redhat-linux
Configured with: ../configure --prefix=/usr --mandir=/usr/share/man --infodir=/usr/share/info --with-bugurl=http://bugzilla.redhat.com/bugzilla --enable-bootstrap --enable-shared --enable-threads=posix --enable-checking=release --with-system-zlib --enable-__cxa_atexit --disable-libunwind-exceptions --enable-gnu-unique-object --enable-linker-build-id --with-linker-hash-style=gnu --enable-languages=c,c++,objc,obj-c++,java,fortran,ada,go,lto --enable-plugin --enable-initfini-array --enable-java-awt=gtk --disable-dssi --with-java-home=/usr/lib/jvm/java-1.5.0-gcj-1.5.0.0/jre --enable-libgcj-multifile --enable-java-maintainer-mode --with-ecj-jar=/usr/share/java/eclipse-ecj.jar --disable-libjava-multilib --with-isl=/builddir/build/BUILD/gcc-4.8.1-20130603/obj-x86_64-redhat-linux/isl-install --with-cloog=/builddir/build/BUILD/gcc-4.8.1-20130603/obj-x86_64-redhat-linux/cloog-install --with-tune=generic --with-arch_32=i686 --build=x86_64-redhat-linux
Thread model: posix
gcc version 4.8.1 20130603 (Red Hat 4.8.1-1) (GCC) 
configure:2952: $? = 0
configure:2941: gcc -V >&5
gcc: error: unrecognized command line option '-V'
gcc: fatal error: no input files
compilation terminated.
configure:2952: $? = 4
configure:2941: gcc -qversion >&5
gcc: error: unrecognized command line option '-qversion'
gcc: fatal error: no input files
compilation terminated.
configure:2952: $? = 4
configure:2972: checking whether the C compiler works
configure:2994: gcc    conftest.c  >&5
configure:2998: $? = 0
configure:3046: result: yes
configure:3049: checking for C compiler default output file name
configure:3051: result: a.out
configure:3057: checking for suffix of executables
configure:3064: gcc -o conftest    conftest.c  >&5
configure:3068: $? = 0
configure:3090: result: 
configure:3112: checking whether we are cross compiling
configure:3120: gcc -o conftest    conftest.c  >&5
configure:3124: $? = 0
configure:3131: ./conftest
configure:3135: $? = 0
configure:3150: result: no
configure:3155: checking for suffix of object files
configure:3177: gcc -c   conftest.c >&5
configure:3181: $? = 0
configure:3202: result: o
configure:3206: checking whether we are using the GNU C compiler
configure:3225: gcc -c   conftest.c >&5
configure:3225: $? = 0
configure:3234: result: yes
configure:3243: checking whether gcc accepts -g
configure:3263: gcc -c -g  conftest.c >&5
configure:3263: $? = 0
configure:3304: result: yes
configure:3321: checking for gcc option to accept ISO C89
configure:3384: gcc  -c -g -O2  conftest.c >&5
configure:3384: $? = 0
configure:3397: result: none needed
configure:3417: checking for gcc option to accept ISO C99
configure:3566: gcc  -c -g -O2  conftest.c >&5
conftest.c:62:29: error: expected ';', ',' or ')' before 'text'
 test_restrict (ccp restrict text)
                             ^
conftest.c: In function 'main':
conftest.c:116:18: error: expected '=', ',', ';', 'asm' or '__attribute__' before 'newvar'
   char *restrict newvar = "Another string";
                  ^
conftest.c:116:18: error: 'newvar' undeclared (first use in this function)
conftest.c:116:18: note: each undeclared identifier is reported only once for each function it appears in
conftest.c:126:3: error: 'for' loop initial declarations are only allowed in C99 mode
   for (int i = 0; i < ia->datasize; ++i)
   ^
conftest.c:126:3: note: use option -std=c99 or -std=gnu99 to compile your code
configure:3566: $? = 1
configure: failed program was:
| /* confdefs.h */
| #define PACKAGE_NAME ""
| #define PACKAGE_TARNAME ""
| #define PACKAGE_VERSION ""
| #define PACKAGE_STRING ""
| #define PACKAGE_BUGREPORT ""
| #define PACKAGE_URL ""
| #define GW_NAME "Kannel"
| #define GW_VERSION "svn-r58aa09dM"
| #define VERSION "svn-r58aa09dM"
| /* end confdefs.h.  */
| #include <stdarg.h>
| #include <stdbool.h>
| #include <stdlib.h>
| #include <wchar.h>
| #include <stdio.h>
| 
| // Check varargs macros.  These examples are taken from C99 6.10.3.5.
| #define debug(...) fprintf (stderr, __VA_ARGS__)
| #define showlist(...) puts (#__VA_ARGS__)
| #define report(test,...) ((test) ? puts (#test) : printf (__VA_ARGS__))
| static void
| test_varargs_macros (void)
| {
|   int x = 1234;
|   int y = 5678;
|   debug ("Flag");
|   debug ("X = %d\n", x);
|   showlist (The first, second, and third items.);
|   report (x>y, "x is %d but y is %d", x, y);
| }
| 
| // Check long long types.
| #define BIG64 18446744073709551615ull
| #define BIG32 4294967295ul
| #define BIG_OK (BIG64 / BIG32 == 4294967297ull && BIG64 % BIG32 == 0)
| #if !BIG_OK
|   your preprocessor is broken;
| #endif
| #if BIG_OK
| #else
|   your preprocessor is broken;
| #endif
| static long long int bignum = -9223372036854775807LL;
| static unsigned long long int ubignum = BIG64;
| 
| struct incomplete_array
| {
|   int datasize;
|   double data[];
| };
| 
| struct named_init {
|   int number;
|   const wchar_t *name;
|   double average;
| };
| 
| typedef const char *ccp;
| 
| static inline int
| test_restrict (ccp restrict text)
| {
|   // See if C++-style comments work.
|   // Iterate through items via the restricted pointer.
|   // Also check for declarations in for loops.
|   for (unsigned int i = 0; *(text+i) != '\0'; ++i)
|     continue;
|   return 0;
| }
| 
| // Check varargs and va_copy.
| static void
| test_varargs (const char *format, ...)
| {
|   va_list args;
|   va_start (args, format);
|   va_list args_copy;
|   va_copy (args_copy, args);
| 
|   const char *str;
|   int number;
|   float fnumber;
| 
|   while (*format)
|     {
|       switch (*format++)
| 	{
| 	case 's': // string
| 	  str = va_arg (args_copy, const char *);
| 	  break;
| 	case 'd': // int
| 	  number = va_arg (args_copy, int);
| 	  break;
| 	case 'f': // float
| 	  fnumber = va_arg (args_copy, double);
| 	  break;
| 	default:
| 	  break;
| 	}
|     }
|   va_end (args_copy);
|   va_end (args);
| }
| 
| int
| main ()
| {
| 
|   // Check bool.
|   _Bool success = false;
| 
|   // Check restrict.
|   if (test_restrict ("String literal") == 0)
|     success = true;
|   char *restrict newvar = "Another string";
| 
|   // Check varargs.
|   test_varargs ("s, d' f .", "string", 65, 34.234);
|   test_varargs_macros ();
| 
|   // Check flexible array members.
|   struct incomplete_array *ia =
|     malloc (sizeof (struct incomplete_array) + (sizeof (double) * 10));
|   ia->datasize = 10;
|   for (int i = 0; i < ia->datasize; ++i)
|     ia->data[i] = i * 1.234;
| 
|   // Check named initializers.
|   struct named_init ni = {
|     .number = 34,
|     .name = L"Test wide string",
|     .average = 543.34343,
|   };
| 
|   ni.number = 58;
| 
|   int dynamic_array[ni.number];
|   dynamic_array[ni.number - 1] = 543;
| 
|   // work around unused variable warnings
|   return (!success || bignum == 0LL || ubignum == 0uLL || newvar[0] == 'x'
| 	  || dynamic_array[ni.number - 1] != 543);
| 
|   ;
|   return 0;
| }
configure:3566: gcc -std=gnu99 -c -g -O2  conftest.c >&5
configure:3566: $? = 0
configure:3586: result: -std=gnu99
configure:3611: checking for a BSD-compatible install
configure:3679: result: /usr/bin/install -c
configure:3733: checking for ranlib
configure:3749: found /usr/bin/ranlib
configure:3760: result: ranlib
configure:3786: checking for bison
configure:3816: result: no
configure:3786: checking for byacc
configure:3816: result: no
configure:3830: checking for flex
configure:3860: result: no
configure:3830: checking for lex
configure:3860: result: no
configure:4028: checking for ar
configure:4044: found /usr/bin/ar
configure:4055: result: ar
configure:4079: checking for convert
configure:4112: result: no
configure:4119: checking for perl
configure:4137: found /usr/bin/perl
configure:4149: result: /usr/bin/perl
configure:4303: checking for inline
configure:4319: gcc -std=gnu99 -c -g -O2 -D_XOPEN_SOURCE=600 -D_BSD_SOURCE  conftest.c >&5
configure:4319: $? = 0
configure:4327: result: inline
configure:4354: checking for special C compiler options needed for large files
configure:4399: result: no
configure:4405: checking for _FILE_OFFSET_BITS value needed for large files
configure:4430: gcc -std=gnu99 -c -g -O2 -D_XOPEN_SOURCE=600 -D_BSD_SOURCE  conftest.c >&5
configure:4430: $? = 0
configure:4462: result: no
configure:4560: checking how to run the C preprocessor
configure:4591: gcc -std=gnu99 -E  conftest.c
configure:4591: $? = 0
configure:4605: gcc -std=gnu99 -E  conftest.c
conftest.c:12:28: fatal error: ac_nonexistent.h: No such file or directory
 #include <ac_nonexistent.h>
                            ^
compilation terminated.
configure:4605: $? = 1
configure: failed program was:
| /* confdefs.h */
| #define PACKAGE_NAME ""
| #define PACKAGE_TARNAME ""
| #define PACKAGE_VERSION ""
| #define PACKAGE_STRING ""
| #define PACKAGE_BUGREPORT ""
| #define PACKAGE_URL ""
| #define GW_NAME "Kannel"
| #define GW_VERSION "svn-r58aa09dM"
| #define VERSION "svn-r58aa09dM"
| /* end confdefs.h.  */
| #include <ac_nonexistent.h>
configure:4630: result: gcc -std=gnu99 -E
configure:4650: gcc -std=gnu99 -E  conftest.c
configure:4650: $? = 0
configure:4664: gcc -std=gnu99 -E  conftest.c
conftest.c:12:28: fatal error: ac_nonexistent.h: No such file or directory
 #include <ac_nonexistent.h>
                            ^
compilation terminated.
configure:4664: $? = 1
configure: failed program was:
| /* confdefs.h */
| #define PACKAGE_NAME ""
| #define PACKAGE_TARNAME ""
| #define PACKAGE_VERSION ""
| #define PACKAGE_STRING ""
| #define PACKAGE_BUGREPORT ""
| #define PACKAGE_URL ""
| #define GW_NAME "Kannel"
| #define GW_VERSION "svn-r58aa09dM"
| #define VERSION "svn-r58aa09dM"
| /* end confdefs.h.  */
| #include <ac_nonexistent.h>
configure:4693: checking for grep that handles long lines and -e
configure:4751: result: /usr/bin/grep
configure:4756: checking for egrep
configure:4818: result: /usr/bin/grep -E
configure:4823: checking for ANSI C header files
configure:4843: gcc -std=gnu99 -c -g -O2 -D_XOPEN_SOURCE=600 -D_BSD_SOURCE -D_LARGE_FILES=  conftest.c >&5
configure:4843: $? = 0
configure:4916: gcc -std=gnu99 -o conftest -g -O2 -D_XOPEN_SOURCE=600 -D_BSD_SOURCE -D_LARGE_FILES=   -rdynamic conftest.c  >&5
configure:4916: $? = 0
configure:4916: ./conftest
configure:4916: $? = 0
configure:4927: result: yes
configure:4940: checking for sys/types.h
configure:4940: gcc -std=gnu99 -c -g -O2 -D_XOPEN_SOURCE=600 -D_BSD_SOURCE -D_LARGE_FILES=  conftest.c >&5
configure:4940: $? = 0
configure:4940: result: yes
configure:4940: checking for sys/stat.h
configure:4940: gcc -std=gnu99 -c -g -O2 -D_XOPEN_SOURCE=600 -D_BSD_SOURCE -D_LARGE_FILES=  conftest.c >&5
configure:4940: $? = 0
configure:4940: result: yes
configure:4940: checking for stdlib.h
configure:4940: gcc -std=gnu99 -c -g -O2 -D_XOPEN_SOURCE=600 -D_BSD_SOURCE -D_LARGE_FILES=  conftest.c >&5
configure:4940: $? = 0
configure:4940: result: yes
configure:4940: checking for string.h
configure:4940: gcc -std=gnu99 -c -g -O2 -D_XOPEN_SOURCE=600 -D_BSD_SOURCE -D_LARGE_FILES=  conftest.c >&5
configure:4940: $? = 0
configure:4940: result: yes
configure:4940: checking for memory.h
configure:4940: gcc -std=gnu99 -c -g -O2 -D_XOPEN_SOURCE=600 -D_BSD_SOURCE -D_LARGE_FILES=  conftest.c >&5
configure:4940: $? = 0
configure:4940: result: yes
configure:4940: checking for strings.h
configure:4940: gcc -std=gnu99 -c -g -O2 -D_XOPEN_SOURCE=600 -D_BSD_SOURCE -D_LARGE_FILES=  conftest.c >&5
configure:4940: $? = 0
configure:4940: result: yes
configure:4940: checking for inttypes.h
configure:4940: gcc -std=gnu99 -c -g -O2 -D_XOPEN_SOURCE=600 -D_BSD_SOURCE -D_LARGE_FILES=  conftest.c >&5
configure:4940: $? = 0
configure:4940: result: yes
configure:4940: checking for stdint.h
configure:4940: gcc -std=gnu99 -c -g -O2 -D_XOPEN_SOURCE=600 -D_BSD_SOURCE -D_LARGE_FILES=  conftest.c >&5
configure:4940: $? = 0
configure:4940: result: yes
configure:4940: checking for unistd.h
configure:4940: gcc -std=gnu99 -c -g -O2 -D_XOPEN_SOURCE=600 -D_BSD_SOURCE -D_LARGE_FILES=  conftest.c >&5
configure:4940: $? = 0
configure:4940: result: yes
configure:4956: checking size of short
configure:4961: gcc -std=gnu99 -o conftest -g -O2 -D_XOPEN_SOURCE=600 -D_BSD_SOURCE -D_LARGE_FILES=   -rdynamic conftest.c  >&5
configure:4961: $? = 0
configure:4961: ./conftest
configure:4961: $? = 0
configure:4975: result: 2
configure:4989: checking size of int
configure:4994: gcc -std=gnu99 -o conftest -g -O2 -D_XOPEN_SOURCE=600 -D_BSD_SOURCE -D_LARGE_FILES=   -rdynamic conftest.c  >&5
configure:4994: $? = 0
configure:4994: ./conftest
configure:4994: $? = 0
configure:5008: result: 4
configure:5022: checking size of long
configure:5027: gcc -std=gnu99 -o conftest -g -O2 -D_XOPEN_SOURCE=600 -D_BSD_SOURCE -D_LARGE_FILES=   -rdynamic conftest.c  >&5
configure:5027: $? = 0
configure:5027: ./conftest
configure:5027: $? = 0
configure:5041: result: 8
configure:5055: checking size of long long
configure:5060: gcc -std=gnu99 -o conftest -g -O2 -D_XOPEN_SOURCE=600 -D_BSD_SOURCE -D_LARGE_FILES=   -rdynamic conftest.c  >&5
configure:5060: $? = 0
configure:5060: ./conftest
configure:5060: $? = 0
configure:5074: result: 8
configure:5094: checking for log in -lm
configure:5119: gcc -std=gnu99 -o conftest -g -O2 -D_XOPEN_SOURCE=600 -D_BSD_SOURCE -D_LARGE_FILES=   -rdynamic conftest.c -lm   >&5
conftest.c:33:6: warning: conflicting types for built-in function 'log' [enabled by default]
 char log ();
      ^
configure:5119: $? = 0
configure:5128: result: yes
configure:5139: checking for accept in -lsocket
configure:5164: gcc -std=gnu99 -o conftest -g -O2 -D_XOPEN_SOURCE=600 -D_BSD_SOURCE -D_LARGE_FILES=   -rdynamic conftest.c -lsocket  -lm  >&5
/usr/bin/ld: cannot find -lsocket
collect2: error: ld returned 1 exit status
configure:5164: $? = 1
configure: failed program was:
| /* confdefs.h */
| #define PACKAGE_NAME ""
| #define PACKAGE_TARNAME ""
| #define PACKAGE_VERSION ""
| #define PACKAGE_STRING ""
| #define PACKAGE_BUGREPORT ""
| #define PACKAGE_URL ""
| #define GW_NAME "Kannel"
| #define GW_VERSION "svn-r58aa09dM"
| #define VERSION "svn-r58aa09dM"
| #define STDC_HEADERS 1
| #define HAVE_SYS_TYPES_H 1
| #define HAVE_SYS_STAT_H 1
| #define HAVE_STDLIB_H 1
| #define HAVE_STRING_H 1
| #define HAVE_MEMORY_H 1
| #define HAVE_STRINGS_H 1
| #define HAVE_INTTYPES_H 1
| #define HAVE_STDINT_H 1
| #define HAVE_UNISTD_H 1
| #define SIZEOF_SHORT 2
| #define SIZEOF_INT 4
| #define SIZEOF_LONG 8
| #define SIZEOF_LONG_LONG 8
| #define HAVE_LIBM 1
| /* end confdefs.h.  */
| 
| /* Override any GCC internal prototype to avoid an error.
|    Use char because int might match the return type of a GCC
|    builtin and then its argument prototype would still apply.  */
| #ifdef __cplusplus
| extern "C"
| #endif
| char accept ();
| int
| main ()
| {
| return accept ();
|   ;
|   return 0;
| }
configure:5173: result: no
configure:5184: checking for inet_ntoa in -lnsl
configure:5209: gcc -std=gnu99 -o conftest -g -O2 -D_XOPEN_SOURCE=600 -D_BSD_SOURCE -D_LARGE_FILES=   -rdynamic conftest.c -lnsl  -lm  >&5
configure:5209: $? = 0
configure:5218: result: yes
configure:5229: checking for inet_ntop in -lresolv
configure:5254: gcc -std=gnu99 -o conftest -g -O2 -D_XOPEN_SOURCE=600 -D_BSD_SOURCE -D_LARGE_FILES=   -rdynamic conftest.c -lresolv  -lnsl -lm  >&5
configure:5254: $? = 0
configure:5263: result: yes
configure:5274: checking for inet_ntop in -lbind
configure:5299: gcc -std=gnu99 -o conftest -g -O2 -D_XOPEN_SOURCE=600 -D_BSD_SOURCE -D_LARGE_FILES=   -rdynamic conftest.c -lbind  -lresolv -lnsl -lm  >&5
/usr/bin/ld: cannot find -lbind
collect2: error: ld returned 1 exit status
configure:5299: $? = 1
configure: failed program was:
| /* confdefs.h */
| #define PACKAGE_NAME ""
| #define PACKAGE_TARNAME ""
| #define PACKAGE_VERSION ""
| #define PACKAGE_STRING ""
| #define PACKAGE_BUGREPORT ""
| #define PACKAGE_URL ""
| #define GW_NAME "Kannel"
| #define GW_VERSION "svn-r58aa09dM"
| #define VERSION "svn-r58aa09dM"
| #define STDC_HEADERS 1
| #define HAVE_SYS_TYPES_H 1
| #define HAVE_SYS_STAT_H 1
| #define HAVE_STDLIB_H 1
| #define HAVE_STRING_H 1
| #define HAVE_MEMORY_H 1
| #define HAVE_STRINGS_H 1
| #define HAVE_INTTYPES_H 1
| #define HAVE_STDINT_H 1
| #define HAVE_UNISTD_H 1
| #define SIZEOF_SHORT 2
| #define SIZEOF_INT 4
| #define SIZEOF_LONG 8
| #define SIZEOF_LONG_LONG 8
| #define HAVE_LIBM 1
| #define HAVE_LIBNSL 1
| #define HAVE_LIBRESOLV 1
| /* end confdefs.h.  */
| 
| /* Override any GCC internal prototype to avoid an error.
|    Use char because int might match the return type of a GCC
|    builtin and then its argument prototype would still apply.  */
| #ifdef __cplusplus
| extern "C"
| #endif
| char inet_ntop ();
| int
| main ()
| {
| return inet_ntop ();
|   ;
|   return 0;
| }
configure:5308: result: no
configure:5320: checking for pthread_exit in -lpthread
configure:5345: gcc -std=gnu99 -o conftest -g -O2 -D_XOPEN_SOURCE=600 -D_BSD_SOURCE -D_LARGE_FILES=   -rdynamic conftest.c -lpthread  -lresolv -lnsl -lm  >&5
configure:5345: $? = 0
configure:5354: result: yes
configure:5363: checking for ANSI C header files
configure:5467: result: yes
configure:5478: checking sys/ioctl.h usability
configure:5478: gcc -std=gnu99 -c -g -O2 -D_XOPEN_SOURCE=600 -D_BSD_SOURCE -D_LARGE_FILES=  conftest.c >&5
configure:5478: $? = 0
configure:5478: result: yes
configure:5478: checking sys/ioctl.h presence
configure:5478: gcc -std=gnu99 -E  conftest.c
configure:5478: $? = 0
configure:5478: result: yes
configure:5478: checking for sys/ioctl.h
configure:5478: result: yes
configure:5478: checking sys/time.h usability
configure:5478: gcc -std=gnu99 -c -g -O2 -D_XOPEN_SOURCE=600 -D_BSD_SOURCE -D_LARGE_FILES=  conftest.c >&5
configure:5478: $? = 0
configure:5478: result: yes
configure:5478: checking sys/time.h presence
configure:5478: gcc -std=gnu99 -E  conftest.c
configure:5478: $? = 0
configure:5478: result: yes
configure:5478: checking for sys/time.h
configure:5478: result: yes
configure:5478: checking for sys/types.h
configure:5478: result: yes
configure:5478: checking for unistd.h
configure:5478: result: yes
configure:5478: checking sys/poll.h usability
configure:5478: gcc -std=gnu99 -c -g -O2 -D_XOPEN_SOURCE=600 -D_BSD_SOURCE -D_LARGE_FILES=  conftest.c >&5
configure:5478: $? = 0
configure:5478: result: yes
configure:5478: checking sys/poll.h presence
configure:5478: gcc -std=gnu99 -E  conftest.c
configure:5478: $? = 0
configure:5478: result: yes
configure:5478: checking for sys/poll.h
configure:5478: result: yes
configure:5491: checking pthread.h usability
configure:5491: gcc -std=gnu99 -c -g -O2 -D_XOPEN_SOURCE=600 -D_BSD_SOURCE -D_LARGE_FILES=  conftest.c >&5
configure:5491: $? = 0
configure:5491: result: yes
configure:5491: checking pthread.h presence
configure:5491: gcc -std=gnu99 -E  conftest.c
configure:5491: $? = 0
configure:5491: result: yes
configure:5491: checking for pthread.h
configure:5491: result: yes
configure:5491: checking getopt.h usability
configure:5491: gcc -std=gnu99 -c -g -O2 -D_XOPEN_SOURCE=600 -D_BSD_SOURCE -D_LARGE_FILES=  conftest.c >&5
configure:5491: $? = 0
configure:5491: result: yes
configure:5491: checking getopt.h presence
configure:5491: gcc -std=gnu99 -E  conftest.c
configure:5491: $? = 0
configure:5491: result: yes
configure:5491: checking for getopt.h
configure:5491: result: yes
configure:5491: checking syslog.h usability
configure:5491: gcc -std=gnu99 -c -g -O2 -D_XOPEN_SOURCE=600 -D_BSD_SOURCE -D_LARGE_FILES=  conftest.c >&5
configure:5491: $? = 0
configure:5491: result: yes
configure:5491: checking syslog.h presence
configure:5491: gcc -std=gnu99 -E  conftest.c
configure:5491: $? = 0
configure:5491: result: yes
configure:5491: checking for syslog.h
configure:5491: result: yes
configure:5491: checking zlib.h usability
configure:5491: gcc -std=gnu99 -c -g -O2 -D_XOPEN_SOURCE=600 -D_BSD_SOURCE -D_LARGE_FILES=  conftest.c >&5
configure:5491: $? = 0
configure:5491: result: yes
configure:5491: checking zlib.h presence
configure:5491: gcc -std=gnu99 -E  conftest.c
configure:5491: $? = 0
configure:5491: result: yes
configure:5491: checking for zlib.h
configure:5491: result: yes
configure:5491: checking execinfo.h usability
configure:5491: gcc -std=gnu99 -c -g -O2 -D_XOPEN_SOURCE=600 -D_BSD_SOURCE -D_LARGE_FILES=  conftest.c >&5
configure:5491: $? = 0
configure:5491: result: yes
configure:5491: checking execinfo.h presence
configure:5491: gcc -std=gnu99 -E  conftest.c
configure:5491: $? = 0
configure:5491: result: yes
configure:5491: checking for execinfo.h
configure:5491: result: yes
configure:5491: checking for stdlib.h
configure:5491: result: yes
configure:5504: checking sys/socket.h usability
configure:5504: gcc -std=gnu99 -c -g -O2 -D_XOPEN_SOURCE=600 -D_BSD_SOURCE -D_LARGE_FILES=  conftest.c >&5
configure:5504: $? = 0
configure:5504: result: yes
configure:5504: checking sys/socket.h presence
configure:5504: gcc -std=gnu99 -E  conftest.c
configure:5504: $? = 0
configure:5504: result: yes
configure:5504: checking for sys/socket.h
configure:5504: result: yes
configure:5504: checking sys/sockio.h usability
configure:5504: gcc -std=gnu99 -c -g -O2 -D_XOPEN_SOURCE=600 -D_BSD_SOURCE -D_LARGE_FILES=  conftest.c >&5
conftest.c:75:24: fatal error: sys/sockio.h: No such file or directory
 #include <sys/sockio.h>
                        ^
compilation terminated.
configure:5504: $? = 1
configure: failed program was:
| /* confdefs.h */
| #define PACKAGE_NAME ""
| #define PACKAGE_TARNAME ""
| #define PACKAGE_VERSION ""
| #define PACKAGE_STRING ""
| #define PACKAGE_BUGREPORT ""
| #define PACKAGE_URL ""
| #define GW_NAME "Kannel"
| #define GW_VERSION "svn-r58aa09dM"
| #define VERSION "svn-r58aa09dM"
| #define STDC_HEADERS 1
| #define HAVE_SYS_TYPES_H 1
| #define HAVE_SYS_STAT_H 1
| #define HAVE_STDLIB_H 1
| #define HAVE_STRING_H 1
| #define HAVE_MEMORY_H 1
| #define HAVE_STRINGS_H 1
| #define HAVE_INTTYPES_H 1
| #define HAVE_STDINT_H 1
| #define HAVE_UNISTD_H 1
| #define SIZEOF_SHORT 2
| #define SIZEOF_INT 4
| #define SIZEOF_LONG 8
| #define SIZEOF_LONG_LONG 8
| #define HAVE_LIBM 1
| #define HAVE_LIBNSL 1
| #define HAVE_LIBRESOLV 1
| #define STDC_HEADERS 1
| #define HAVE_SYS_IOCTL_H 1
| #define HAVE_SYS_TIME_H 1
| #define HAVE_SYS_TYPES_H 1
| #define HAVE_UNISTD_H 1
| #define HAVE_SYS_POLL_H 1
| #define HAVE_PTHREAD_H 1
| #define HAVE_GETOPT_H 1
| #define HAVE_SYSLOG_H 1
| #define HAVE_ZLIB_H 1
| #define HAVE_EXECINFO_H 1
| #define HAVE_STDLIB_H 1
| #define HAVE_SYS_SOCKET_H 1
| /* end confdefs.h.  */
| #include <stdio.h>
| #ifdef HAVE_SYS_TYPES_H
| # include <sys/types.h>
| #endif
| #ifdef HAVE_SYS_STAT_H
| # include <sys/stat.h>
| #endif
| #ifdef STDC_HEADERS
| # include <stdlib.h>
| # include <stddef.h>
| #else
| # ifdef HAVE_STDLIB_H
| #  include <stdlib.h>
| # endif
| #endif
| #ifdef HAVE_STRING_H
| # if !defined STDC_HEADERS && defined HAVE_MEMORY_H
| #  include <memory.h>
| # endif
| # include <string.h>
| #endif
| #ifdef HAVE_STRINGS_H
| # include <strings.h>
| #endif
| #ifdef HAVE_INTTYPES_H
| # include <inttypes.h>
| #endif
| #ifdef HAVE_STDINT_H
| # include <stdint.h>
| #endif
| #ifdef HAVE_UNISTD_H
| # include <unistd.h>
| #endif
| #include <sys/sockio.h>
configure:5504: result: no
configure:5504: checking sys/sockio.h presence
configure:5504: gcc -std=gnu99 -E  conftest.c
conftest.c:42:24: fatal error: sys/sockio.h: No such file or directory
 #include <sys/sockio.h>
                        ^
compilation terminated.
configure:5504: $? = 1
configure: failed program was:
| /* confdefs.h */
| #define PACKAGE_NAME ""
| #define PACKAGE_TARNAME ""
| #define PACKAGE_VERSION ""
| #define PACKAGE_STRING ""
| #define PACKAGE_BUGREPORT ""
| #define PACKAGE_URL ""
| #define GW_NAME "Kannel"
| #define GW_VERSION "svn-r58aa09dM"
| #define VERSION "svn-r58aa09dM"
| #define STDC_HEADERS 1
| #define HAVE_SYS_TYPES_H 1
| #define HAVE_SYS_STAT_H 1
| #define HAVE_STDLIB_H 1
| #define HAVE_STRING_H 1
| #define HAVE_MEMORY_H 1
| #define HAVE_STRINGS_H 1
| #define HAVE_INTTYPES_H 1
| #define HAVE_STDINT_H 1
| #define HAVE_UNISTD_H 1
| #define SIZEOF_SHORT 2
| #define SIZEOF_INT 4
| #define SIZEOF_LONG 8
| #define SIZEOF_LONG_LONG 8
| #define HAVE_LIBM 1
| #define HAVE_LIBNSL 1
| #define HAVE_LIBRESOLV 1
| #define STDC_HEADERS 1
| #define HAVE_SYS_IOCTL_H 1
| #define HAVE_SYS_TIME_H 1
| #define HAVE_SYS_TYPES_H 1
| #define HAVE_UNISTD_H 1
| #define HAVE_SYS_POLL_H 1
| #define HAVE_PTHREAD_H 1
| #define HAVE_GETOPT_H 1
| #define HAVE_SYSLOG_H 1
| #define HAVE_ZLIB_H 1
| #define HAVE_EXECINFO_H 1
| #define HAVE_STDLIB_H 1
| #define HAVE_SYS_SOCKET_H 1
| /* end confdefs.h.  */
| #include <sys/sockio.h>
configure:5504: result: no
configure:5504: checking for sys/sockio.h
configure:5504: result: no
configure:5504: checking netinet/in.h usability
configure:5504: gcc -std=gnu99 -c -g -O2 -D_XOPEN_SOURCE=600 -D_BSD_SOURCE -D_LARGE_FILES=  conftest.c >&5
configure:5504: $? = 0
configure:5504: result: yes
configure:5504: checking netinet/in.h presence
configure:5504: gcc -std=gnu99 -E  conftest.c
configure:5504: $? = 0
configure:5504: result: yes
configure:5504: checking for netinet/in.h
configure:5504: result: yes
configure:5516: checking for net/if.h
configure:5516: gcc -std=gnu99 -c -g -O2 -D_XOPEN_SOURCE=600 -D_BSD_SOURCE -D_LARGE_FILES=  conftest.c >&5
configure:5516: $? = 0
configure:5516: result: yes
configure:5541: checking sys/ucontext.h usability
configure:5541: gcc -std=gnu99 -c -g -O2 -D_XOPEN_SOURCE=600 -D_BSD_SOURCE -D_LARGE_FILES=  conftest.c >&5
configure:5541: $? = 0
configure:5541: result: yes
configure:5541: checking sys/ucontext.h presence
configure:5541: gcc -std=gnu99 -E  conftest.c
configure:5541: $? = 0
configure:5541: result: yes
configure:5541: checking for sys/ucontext.h
configure:5541: result: yes
configure:5569: gcc -std=gnu99 -c -g -O2 -D_XOPEN_SOURCE=600 -D_BSD_SOURCE -D_LARGE_FILES=  conftest.c >&5
conftest.c: In function 'main':
conftest.c:50:14: warning: initialization discards 'const' qualifier from pointer target type [enabled by default]
 char *func = __FUNCTION__;
              ^
configure:5569: $? = 0
configure:5585: gcc -std=gnu99 -c -g -O2 -D_XOPEN_SOURCE=600 -D_BSD_SOURCE -D_LARGE_FILES=  conftest.c >&5
conftest.c: In function 'main':
conftest.c:51:14: warning: initialization discards 'const' qualifier from pointer target type [enabled by default]
 char *func = __func__;
              ^
configure:5585: $? = 0
configure:5631: checking for ld used by GCC
configure:5695: result: /usr/bin/ld
configure:5702: checking if the linker (/usr/bin/ld) is GNU ld
configure:5715: result: yes
configure:5722: checking for shared library run path origin
configure:5735: result: done
configure:6243: checking for iconv
configure:6265: gcc -std=gnu99 -o conftest -g -O2 -D_XOPEN_SOURCE=600 -D_BSD_SOURCE -D_LARGE_FILES=   -rdynamic conftest.c -lresolv -lnsl -lm  -lpthread >&5
configure:6265: $? = 0
configure:6297: result: yes
configure:6300: checking for working iconv
configure:6376: gcc -std=gnu99 -o conftest -g -O2 -D_XOPEN_SOURCE=600 -D_BSD_SOURCE -D_LARGE_FILES=   -rdynamic conftest.c -lresolv -lnsl -lm  -lpthread >&5
configure:6376: $? = 0
configure:6376: ./conftest
configure:6376: $? = 0
configure:6388: result: yes
configure:6416: checking for iconv declaration
configure:6445: gcc -std=gnu99 -c -g -O2 -D_XOPEN_SOURCE=600 -D_BSD_SOURCE -D_LARGE_FILES=  conftest.c >&5
configure:6445: $? = 0
configure:6456: result: 
         extern size_t iconv (iconv_t cd, char * *inbuf, size_t *inbytesleft, char * *outbuf, size_t *outbytesleft);
configure:6471: checking for gettimeofday
configure:6471: gcc -std=gnu99 -o conftest -g -O2 -D_XOPEN_SOURCE=600 -D_BSD_SOURCE -D_LARGE_FILES=   -rdynamic conftest.c -lresolv -lnsl -lm  -lpthread >&5
configure:6471: $? = 0
configure:6471: result: yes
configure:6471: checking for select
configure:6471: gcc -std=gnu99 -o conftest -g -O2 -D_XOPEN_SOURCE=600 -D_BSD_SOURCE -D_LARGE_FILES=   -rdynamic conftest.c -lresolv -lnsl -lm  -lpthread >&5
configure:6471: $? = 0
configure:6471: result: yes
configure:6471: checking for socket
configure:6471: gcc -std=gnu99 -o conftest -g -O2 -D_XOPEN_SOURCE=600 -D_BSD_SOURCE -D_LARGE_FILES=   -rdynamic conftest.c -lresolv -lnsl -lm  -lpthread >&5
configure:6471: $? = 0
configure:6471: result: yes
configure:6471: checking for strdup
configure:6471: gcc -std=gnu99 -o conftest -g -O2 -D_XOPEN_SOURCE=600 -D_BSD_SOURCE -D_LARGE_FILES=   -rdynamic conftest.c -lresolv -lnsl -lm  -lpthread >&5
conftest.c:76:6: warning: conflicting types for built-in function 'strdup' [enabled by default]
 char strdup ();
      ^
configure:6471: $? = 0
configure:6471: result: yes
configure:6471: checking for getopt_long
configure:6471: gcc -std=gnu99 -o conftest -g -O2 -D_XOPEN_SOURCE=600 -D_BSD_SOURCE -D_LARGE_FILES=   -rdynamic conftest.c -lresolv -lnsl -lm  -lpthread >&5
configure:6471: $? = 0
configure:6471: result: yes
configure:6471: checking for localtime_r
configure:6471: gcc -std=gnu99 -o conftest -g -O2 -D_XOPEN_SOURCE=600 -D_BSD_SOURCE -D_LARGE_FILES=   -rdynamic conftest.c -lresolv -lnsl -lm  -lpthread >&5
configure:6471: $? = 0
configure:6471: result: yes
configure:6471: checking for gmtime_r
configure:6471: gcc -std=gnu99 -o conftest -g -O2 -D_XOPEN_SOURCE=600 -D_BSD_SOURCE -D_LARGE_FILES=   -rdynamic conftest.c -lresolv -lnsl -lm  -lpthread >&5
configure:6471: $? = 0
configure:6471: result: yes
configure:6471: checking for backtrace
configure:6471: gcc -std=gnu99 -o conftest -g -O2 -D_XOPEN_SOURCE=600 -D_BSD_SOURCE -D_LARGE_FILES=   -rdynamic conftest.c -lresolv -lnsl -lm  -lpthread >&5
configure:6471: $? = 0
configure:6471: result: yes
configure:6471: checking for srandom
configure:6471: gcc -std=gnu99 -o conftest -g -O2 -D_XOPEN_SOURCE=600 -D_BSD_SOURCE -D_LARGE_FILES=   -rdynamic conftest.c -lresolv -lnsl -lm  -lpthread >&5
configure:6471: $? = 0
configure:6471: result: yes
configure:6471: checking for initgroups
configure:6471: gcc -std=gnu99 -o conftest -g -O2 -D_XOPEN_SOURCE=600 -D_BSD_SOURCE -D_LARGE_FILES=   -rdynamic conftest.c -lresolv -lnsl -lm  -lpthread >&5
configure:6471: $? = 0
configure:6471: result: yes
configure:6471: checking for strtoll
configure:6471: gcc -std=gnu99 -o conftest -g -O2 -D_XOPEN_SOURCE=600 -D_BSD_SOURCE -D_LARGE_FILES=   -rdynamic conftest.c -lresolv -lnsl -lm  -lpthread >&5
configure:6471: $? = 0
configure:6471: result: yes
configure:6471: checking for strtoq
configure:6471: gcc -std=gnu99 -o conftest -g -O2 -D_XOPEN_SOURCE=600 -D_BSD_SOURCE -D_LARGE_FILES=   -rdynamic conftest.c -lresolv -lnsl -lm  -lpthread >&5
configure:6471: $? = 0
configure:6471: result: yes
configure:6480: checking for getopt
configure:6480: gcc -std=gnu99 -o conftest -g -O2 -D_XOPEN_SOURCE=600 -D_BSD_SOURCE -D_LARGE_FILES=   -rdynamic conftest.c -lresolv -lnsl -lm  -lpthread >&5
configure:6480: $? = 0
configure:6480: result: yes
configure:6493: checking for gethostbyname_r
configure:6493: gcc -std=gnu99 -o conftest -g -O2 -D_XOPEN_SOURCE=600 -D_BSD_SOURCE -D_LARGE_FILES=   -rdynamic conftest.c -lresolv -lnsl -lm  -lpthread >&5
configure:6493: $? = 0
configure:6493: result: yes
configure:6495: checking for which type of gethostbyname_r
configure:6519: gcc -std=gnu99 -c -g -O2 -D_XOPEN_SOURCE=600 -D_BSD_SOURCE -D_LARGE_FILES=  conftest.c >&5
conftest.c: In function 'main':
conftest.c:71:29: error: storage size of 'data' isn't known
         struct hostent_data data;
                             ^
conftest.c:72:9: error: too few arguments to function 'gethostbyname_r'
         (void) gethostbyname_r(name, he, &data);
         ^
In file included from conftest.c:63:0:
/usr/include/netdb.h:179:12: note: declared here
 extern int gethostbyname_r (const char *__restrict __name,
            ^
configure:6519: $? = 1
configure: failed program was:
| /* confdefs.h */
| #define PACKAGE_NAME ""
| #define PACKAGE_TARNAME ""
| #define PACKAGE_VERSION ""
| #define PACKAGE_STRING ""
| #define PACKAGE_BUGREPORT ""
| #define PACKAGE_URL ""
| #define GW_NAME "Kannel"
| #define GW_VERSION "svn-r58aa09dM"
| #define VERSION "svn-r58aa09dM"
| #define STDC_HEADERS 1
| #define HAVE_SYS_TYPES_H 1
| #define HAVE_SYS_STAT_H 1
| #define HAVE_STDLIB_H 1
| #define HAVE_STRING_H 1
| #define HAVE_MEMORY_H 1
| #define HAVE_STRINGS_H 1
| #define HAVE_INTTYPES_H 1
| #define HAVE_STDINT_H 1
| #define HAVE_UNISTD_H 1
| #define SIZEOF_SHORT 2
| #define SIZEOF_INT 4
| #define SIZEOF_LONG 8
| #define SIZEOF_LONG_LONG 8
| #define HAVE_LIBM 1
| #define HAVE_LIBNSL 1
| #define HAVE_LIBRESOLV 1
| #define STDC_HEADERS 1
| #define HAVE_SYS_IOCTL_H 1
| #define HAVE_SYS_TIME_H 1
| #define HAVE_SYS_TYPES_H 1
| #define HAVE_UNISTD_H 1
| #define HAVE_SYS_POLL_H 1
| #define HAVE_PTHREAD_H 1
| #define HAVE_GETOPT_H 1
| #define HAVE_SYSLOG_H 1
| #define HAVE_ZLIB_H 1
| #define HAVE_EXECINFO_H 1
| #define HAVE_STDLIB_H 1
| #define HAVE_SYS_SOCKET_H 1
| #define HAVE_NETINET_IN_H 1
| #define HAVE_NET_IF_H 1
| #define HAVE_SYS_UCONTEXT_H 1
| #define HAVE_UCONTEXT 1
| #define HAVE___FUNCTION__ 1
| #define HAVE___FUNC__ 1
| #define HAVE_ICONV 1
| #define ICONV_CONST 
| #define HAVE_GETTIMEOFDAY 1
| #define HAVE_SELECT 1
| #define HAVE_SOCKET 1
| #define HAVE_STRDUP 1
| #define HAVE_GETOPT_LONG 1
| #define HAVE_LOCALTIME_R 1
| #define HAVE_GMTIME_R 1
| #define HAVE_BACKTRACE 1
| #define HAVE_SRANDOM 1
| #define HAVE_INITGROUPS 1
| #define HAVE_STRTOLL 1
| #define HAVE_STRTOQ 1
| /* end confdefs.h.  */
| 
| #include <netdb.h>
| 
| int
| main ()
| {
| 
|         char *name;
|         struct hostent *he;
|         struct hostent_data data;
|         (void) gethostbyname_r(name, he, &data);
| 
|   ;
|   return 0;
| }
configure:6543: gcc -std=gnu99 -c -g -O2 -D_XOPEN_SOURCE=600 -D_BSD_SOURCE -D_LARGE_FILES=  conftest.c >&5
configure:6543: $? = 0
configure:6580: result: 6
configure:6615: checking for socklen_t in <sys/socket.h>
configure:6635: gcc -std=gnu99 -c -g -O2 -D_XOPEN_SOURCE=600 -D_BSD_SOURCE -D_LARGE_FILES=  conftest.c >&5
configure:6635: $? = 0
configure:6642: result: yes
configure:6652: checking for getopt in <stdio.h>
configure:6668: gcc -std=gnu99 -c -g -O2 -D_XOPEN_SOURCE=600 -D_BSD_SOURCE -D_LARGE_FILES=  conftest.c >&5
conftest.c: In function 'main':
conftest.c:68:13: error: 'getopt' undeclared (first use in this function)
 void *foo = getopt;
             ^
conftest.c:68:13: note: each undeclared identifier is reported only once for each function it appears in
configure:6668: $? = 1
configure: failed program was:
| /* confdefs.h */
| #define PACKAGE_NAME ""
| #define PACKAGE_TARNAME ""
| #define PACKAGE_VERSION ""
| #define PACKAGE_STRING ""
| #define PACKAGE_BUGREPORT ""
| #define PACKAGE_URL ""
| #define GW_NAME "Kannel"
| #define GW_VERSION "svn-r58aa09dM"
| #define VERSION "svn-r58aa09dM"
| #define STDC_HEADERS 1
| #define HAVE_SYS_TYPES_H 1
| #define HAVE_SYS_STAT_H 1
| #define HAVE_STDLIB_H 1
| #define HAVE_STRING_H 1
| #define HAVE_MEMORY_H 1
| #define HAVE_STRINGS_H 1
| #define HAVE_INTTYPES_H 1
| #define HAVE_STDINT_H 1
| #define HAVE_UNISTD_H 1
| #define SIZEOF_SHORT 2
| #define SIZEOF_INT 4
| #define SIZEOF_LONG 8
| #define SIZEOF_LONG_LONG 8
| #define HAVE_LIBM 1
| #define HAVE_LIBNSL 1
| #define HAVE_LIBRESOLV 1
| #define STDC_HEADERS 1
| #define HAVE_SYS_IOCTL_H 1
| #define HAVE_SYS_TIME_H 1
| #define HAVE_SYS_TYPES_H 1
| #define HAVE_UNISTD_H 1
| #define HAVE_SYS_POLL_H 1
| #define HAVE_PTHREAD_H 1
| #define HAVE_GETOPT_H 1
| #define HAVE_SYSLOG_H 1
| #define HAVE_ZLIB_H 1
| #define HAVE_EXECINFO_H 1
| #define HAVE_STDLIB_H 1
| #define HAVE_SYS_SOCKET_H 1
| #define HAVE_NETINET_IN_H 1
| #define HAVE_NET_IF_H 1
| #define HAVE_SYS_UCONTEXT_H 1
| #define HAVE_UCONTEXT 1
| #define HAVE___FUNCTION__ 1
| #define HAVE___FUNC__ 1
| #define HAVE_ICONV 1
| #define ICONV_CONST 
| #define HAVE_GETTIMEOFDAY 1
| #define HAVE_SELECT 1
| #define HAVE_SOCKET 1
| #define HAVE_STRDUP 1
| #define HAVE_GETOPT_LONG 1
| #define HAVE_LOCALTIME_R 1
| #define HAVE_GMTIME_R 1
| #define HAVE_BACKTRACE 1
| #define HAVE_SRANDOM 1
| #define HAVE_INITGROUPS 1
| #define HAVE_STRTOLL 1
| #define HAVE_STRTOQ 1
| #define HAVE_FUNC_GETHOSTBYNAME_R_6 1
| #define HAVE_SOCKLEN_T 1
| /* end confdefs.h.  */
| #include <stdio.h>
| int
| main ()
| {
| void *foo = getopt;
|   ;
|   return 0;
| }
configure:6675: result: no
configure:6684: checking for getopt in <unistd.h>
configure:6700: gcc -std=gnu99 -c -g -O2 -D_XOPEN_SOURCE=600 -D_BSD_SOURCE -D_LARGE_FILES=  conftest.c >&5
configure:6700: $? = 0
configure:6707: result: yes
configure:6719: checking ftw.h usability
configure:6719: gcc -std=gnu99 -c -g -O2 -D_XOPEN_SOURCE=600 -D_BSD_SOURCE -D_LARGE_FILES=  conftest.c >&5
configure:6719: $? = 0
configure:6719: result: yes
configure:6719: checking ftw.h presence
configure:6719: gcc -std=gnu99 -E  conftest.c
configure:6719: $? = 0
configure:6719: result: yes
configure:6719: checking for ftw.h
configure:6719: result: yes
configure:6725: checking for nftw
configure:6725: gcc -std=gnu99 -o conftest -g -O2 -D_XOPEN_SOURCE=600 -D_BSD_SOURCE -D_LARGE_FILES=   -rdynamic conftest.c -lresolv -lnsl -lm  -lpthread >&5
configure:6725: $? = 0
configure:6725: result: yes
configure:6743: checking regex.h usability
configure:6743: gcc -std=gnu99 -c -g -O2 -D_XOPEN_SOURCE=600 -D_BSD_SOURCE -D_LARGE_FILES=  conftest.c >&5
configure:6743: $? = 0
configure:6743: result: yes
configure:6743: checking regex.h presence
configure:6743: gcc -std=gnu99 -E  conftest.c
configure:6743: $? = 0
configure:6743: result: yes
configure:6743: checking for regex.h
configure:6743: result: yes
configure:6749: checking for regcomp
configure:6749: gcc -std=gnu99 -o conftest -g -O2 -D_XOPEN_SOURCE=600 -D_BSD_SOURCE -D_LARGE_FILES=   -rdynamic conftest.c -lresolv -lnsl -lm  -lpthread >&5
configure:6749: $? = 0
configure:6749: result: yes
configure:6772: checking for working pthreads
configure:6803: gcc -std=gnu99 -o conftest -g -O2 -D_XOPEN_SOURCE=600 -D_BSD_SOURCE -D_LARGE_FILES=   -rdynamic conftest.c -lresolv -lnsl -lm  -lpthread >&5
conftest.c: In function 'testpid':
conftest.c:86:9: warning: implicit declaration of function 'exit' [-Wimplicit-function-declaration]
         exit(1);
         ^
conftest.c:86:9: warning: incompatible implicit declaration of built-in function 'exit' [enabled by default]
conftest.c:88:9: warning: incompatible implicit declaration of built-in function 'exit' [enabled by default]
         exit(0);
         ^
configure:6803: $? = 0
configure:6803: ./conftest
configure:6803: $? = 0
configure:6813: checking for pthread_spinlock support
configure:6840: gcc -std=gnu99 -c -g -O2 -D_XOPEN_SOURCE=600 -D_BSD_SOURCE -D_LARGE_FILES=  conftest.c >&5
configure:6840: $? = 0
configure:6841: result: yes
configure:6850: checking for pthread_rwlock support
configure:6871: gcc -std=gnu99 -c -g -O2 -D_XOPEN_SOURCE=600 -D_BSD_SOURCE -D_LARGE_FILES=  conftest.c >&5
configure:6871: $? = 0
configure:6872: result: yes
configure:6881: checking for sem_init in -lrt
configure:6906: gcc -std=gnu99 -o conftest -g -O2 -D_XOPEN_SOURCE=600 -D_BSD_SOURCE -D_LARGE_FILES=   -rdynamic conftest.c -lrt  -lresolv -lnsl -lm  -lpthread >&5
configure:6906: $? = 0
configure:6915: result: yes
configure:6926: checking for semaphore support
configure:6951: gcc -std=gnu99 -o conftest -g -O2 -D_XOPEN_SOURCE=600 -D_BSD_SOURCE -D_LARGE_FILES=   -rdynamic conftest.c -lrt -lresolv -lnsl -lm  -lpthread >&5
configure:6951: $? = 0
configure:6951: ./conftest
configure:6951: $? = 0
configure:6952: result: yes
configure:6975: checking for xml2-config
configure:6993: found /usr/bin/xml2-config
configure:7005: result: /usr/bin/xml2-config
configure:7020: checking libxml version
configure:7023: result: 2.9.1
configure:7065: checking whether to compile with PCRE support
configure:7228: result: disabled
configure:7245: checking for jade
configure:7275: result: no
configure:7245: checking for openjade
configure:7275: result: no
configure:7286: checking for jadetex
configure:7314: result: no
configure:7324: checking for pdfjadetex
configure:7352: result: no
configure:7362: checking for dvips
configure:7390: result: no
configure:7400: checking for fig2dev
configure:7428: result: no
configure:7438: checking for convert
configure:7466: result: no
configure:7488: checking for /usr/lib/sgml/stylesheet/dsssl/docbook/nwalsh/html/docbook.dsl
configure:7502: result: no
configure:7488: checking for /usr/lib/sgml/stylesheets/nwalsh-modular/html/docbook.dsl
configure:7502: result: no
configure:7488: checking for /usr/share/sgml/docbook/dsssl-stylesheets-1.*/html/docbook.dsl
configure:7502: result: no
configure:7488: checking for /usr/share/sgml/docbook/dsssl-stylesheets/html/docbook.dsl
configure:7502: result: no
configure:7488: checking for /usr/share/sgml/docbook/stylesheet/dsssl/modular/html/docbook.dsl
configure:7502: result: no
configure:7488: checking for /usr/share/sgml/docbook/dsssl/modular/html/docbook.dsl
configure:7502: result: no
configure:7488: checking for /usr/share/sgml/dsssl/docbook-dsssl-nwalsh/html/docbook.dsl
configure:7502: result: no
configure:7488: checking for /usr/share/dsssl/docbook-dsssl/html/docbook.dsl
configure:7502: result: no
configure:7488: checking for /usr/local/lib/sgml/stylesheet/dsssl/docbook/nwalsh/html/docbook.dsl
configure:7502: result: no
configure:7488: checking for /usr/local/lib/sgml/stylesheets/nwalsh-modular/html/docbook.dsl
configure:7502: result: no
configure:7488: checking for /usr/local/share/sgml/docbook/dsssl-stylesheets-1.*/html/docbook.dsl
configure:7502: result: no
configure:7488: checking for /usr/local/share/sgml/docbook/dsssl-stylesheets/html/docbook.dsl
configure:7502: result: no
configure:7488: checking for /usr/local/share/sgml/docbook/stylesheet/dsssl/modular/html/docbook.dsl
configure:7502: result: no
configure:7488: checking for /usr/local/share/sgml/docbook/dsssl/modular/html/docbook.dsl
configure:7502: result: no
configure:7488: checking for /usr/local/share/sgml/dsssl/docbook-dsssl-nwalsh/html/docbook.dsl
configure:7502: result: no
configure:7488: checking for /usr/local/share/dsssl/docbook-dsssl/html/docbook.dsl
configure:7502: result: no
configure:7488: checking for /sw/lib/sgml/stylesheet/dsssl/docbook/nwalsh/html/docbook.dsl
configure:7502: result: no
configure:7488: checking for /sw/lib/sgml/stylesheets/nwalsh-modular/html/docbook.dsl
configure:7502: result: no
configure:7488: checking for /sw/share/sgml/docbook/dsssl-stylesheets-1.*/html/docbook.dsl
configure:7502: result: no
configure:7488: checking for /sw/share/sgml/docbook/dsssl-stylesheets/html/docbook.dsl
configure:7502: result: no
configure:7488: checking for /sw/share/sgml/docbook/stylesheet/dsssl/modular/html/docbook.dsl
configure:7502: result: no
configure:7488: checking for /sw/share/sgml/docbook/dsssl/modular/html/docbook.dsl
configure:7502: result: no
configure:7488: checking for /sw/share/sgml/dsssl/docbook-dsssl-nwalsh/html/docbook.dsl
configure:7502: result: no
configure:7488: checking for /sw/share/dsssl/docbook-dsssl/html/docbook.dsl
configure:7502: result: no
configure:7488: checking for /opt/local/lib/sgml/stylesheet/dsssl/docbook/nwalsh/html/docbook.dsl
configure:7502: result: no
configure:7488: checking for /opt/local/lib/sgml/stylesheets/nwalsh-modular/html/docbook.dsl
configure:7502: result: no
configure:7488: checking for /opt/local/share/sgml/docbook/dsssl-stylesheets-1.*/html/docbook.dsl
configure:7502: result: no
configure:7488: checking for /opt/local/share/sgml/docbook/dsssl-stylesheets/html/docbook.dsl
configure:7502: result: no
configure:7488: checking for /opt/local/share/sgml/docbook/stylesheet/dsssl/modular/html/docbook.dsl
configure:7502: result: no
configure:7488: checking for /opt/local/share/sgml/docbook/dsssl/modular/html/docbook.dsl
configure:7502: result: no
configure:7488: checking for /opt/local/share/sgml/dsssl/docbook-dsssl-nwalsh/html/docbook.dsl
configure:7502: result: no
configure:7488: checking for /opt/local/share/dsssl/docbook-dsssl/html/docbook.dsl
configure:7502: result: no
configure:7526: checking for /usr/lib/sgml/stylesheet/dsssl/docbook/nwalsh/print/docbook.dsl
configure:7540: result: no
configure:7526: checking for /usr/lib/sgml/stylesheets/nwalsh-modular/print/docbook.dsl
configure:7540: result: no
configure:7526: checking for /usr/share/sgml/docbook/dsssl-stylesheets-1.*/print/docbook.dsl
configure:7540: result: no
configure:7526: checking for /usr/share/sgml/docbook/dsssl-stylesheets/print/docbook.dsl
configure:7540: result: no
configure:7526: checking for /usr/share/sgml/docbook/stylesheet/dsssl/modular/print/docbook.dsl
configure:7540: result: no
configure:7526: checking for /usr/share/sgml/docbook/dsssl/modular/print/docbook.dsl
configure:7540: result: no
configure:7526: checking for /usr/share/sgml/dsssl/docbook-dsssl-nwalsh/print/docbook.dsl
configure:7540: result: no
configure:7526: checking for /usr/share/dsssl/docbook-dsssl/print/docbook.dsl
configure:7540: result: no
configure:7526: checking for /usr/local/lib/sgml/stylesheet/dsssl/docbook/nwalsh/print/docbook.dsl
configure:7540: result: no
configure:7526: checking for /usr/local/lib/sgml/stylesheets/nwalsh-modular/print/docbook.dsl
configure:7540: result: no
configure:7526: checking for /usr/local/share/sgml/docbook/dsssl-stylesheets-1.*/print/docbook.dsl
configure:7540: result: no
configure:7526: checking for /usr/local/share/sgml/docbook/dsssl-stylesheets/print/docbook.dsl
configure:7540: result: no
configure:7526: checking for /usr/local/share/sgml/docbook/stylesheet/dsssl/modular/print/docbook.dsl
configure:7540: result: no
configure:7526: checking for /usr/local/share/sgml/docbook/dsssl/modular/print/docbook.dsl
configure:7540: result: no
configure:7526: checking for /usr/local/share/sgml/dsssl/docbook-dsssl-nwalsh/print/docbook.dsl
configure:7540: result: no
configure:7526: checking for /usr/local/share/dsssl/docbook-dsssl/print/docbook.dsl
configure:7540: result: no
configure:7526: checking for /sw/lib/sgml/stylesheet/dsssl/docbook/nwalsh/print/docbook.dsl
configure:7540: result: no
configure:7526: checking for /sw/lib/sgml/stylesheets/nwalsh-modular/print/docbook.dsl
configure:7540: result: no
configure:7526: checking for /sw/share/sgml/docbook/dsssl-stylesheets-1.*/print/docbook.dsl
configure:7540: result: no
configure:7526: checking for /sw/share/sgml/docbook/dsssl-stylesheets/print/docbook.dsl
configure:7540: result: no
configure:7526: checking for /sw/share/sgml/docbook/stylesheet/dsssl/modular/print/docbook.dsl
configure:7540: result: no
configure:7526: checking for /sw/share/sgml/docbook/dsssl/modular/print/docbook.dsl
configure:7540: result: no
configure:7526: checking for /sw/share/sgml/dsssl/docbook-dsssl-nwalsh/print/docbook.dsl
configure:7540: result: no
configure:7526: checking for /sw/share/dsssl/docbook-dsssl/print/docbook.dsl
configure:7540: result: no
configure:7526: checking for /opt/local/lib/sgml/stylesheet/dsssl/docbook/nwalsh/print/docbook.dsl
configure:7540: result: no
configure:7526: checking for /opt/local/lib/sgml/stylesheets/nwalsh-modular/print/docbook.dsl
configure:7540: result: no
configure:7526: checking for /opt/local/share/sgml/docbook/dsssl-stylesheets-1.*/print/docbook.dsl
configure:7540: result: no
configure:7526: checking for /opt/local/share/sgml/docbook/dsssl-stylesheets/print/docbook.dsl
configure:7540: result: no
configure:7526: checking for /opt/local/share/sgml/docbook/stylesheet/dsssl/modular/print/docbook.dsl
configure:7540: result: no
configure:7526: checking for /opt/local/share/sgml/docbook/dsssl/modular/print/docbook.dsl
configure:7540: result: no
configure:7526: checking for /opt/local/share/sgml/dsssl/docbook-dsssl-nwalsh/print/docbook.dsl
configure:7540: result: no
configure:7526: checking for /opt/local/share/dsssl/docbook-dsssl/print/docbook.dsl
configure:7540: result: no
configure:7602: result: Not building documentation.
configure:7707: checking which malloc to use
configure:7747: result: native malloc
configure:8049: checking whether to compile with SSL support
configure:8083: result: trying /usr/lib64 /usr/include/openssl
configure:8095: checking for openssl
configure:8113: found /usr/bin/openssl
configure:8126: result: /usr/bin/openssl
configure:8141: checking for CRYPTO_lock in -lcrypto
configure:8166: gcc -std=gnu99 -o conftest -g -O2 -D_XOPEN_SOURCE=600 -D_BSD_SOURCE -D_LARGE_FILES= -I/usr/include/libxml2 -I/usr/include/openssl   -rdynamic conftest.c -lcrypto  -lrt -lresolv -lnsl -lm  -lpthread -lxml2 -lz -lm -ldl -L/usr/lib64 >&5
configure:8166: $? = 0
configure:8175: result: yes
configure:8179: checking for SSL_library_init in -lssl
configure:8204: gcc -std=gnu99 -o conftest -g -O2 -D_XOPEN_SOURCE=600 -D_BSD_SOURCE -D_LARGE_FILES= -I/usr/include/libxml2 -I/usr/include/openssl   -rdynamic conftest.c -lssl  -lrt -lresolv -lnsl -lm  -lpthread -lxml2 -lz -lm -ldl -L/usr/lib64 -lcrypto >&5
configure:8204: $? = 0
configure:8213: result: yes
configure:8216: checking for SSL_connect in -lssl
configure:8241: gcc -std=gnu99 -o conftest -g -O2 -D_XOPEN_SOURCE=600 -D_BSD_SOURCE -D_LARGE_FILES= -I/usr/include/libxml2 -I/usr/include/openssl   -rdynamic conftest.c -lssl  -lrt -lresolv -lnsl -lm  -lpthread -lxml2 -lz -lm -ldl -L/usr/lib64 -lcrypto >&5
configure:8241: $? = 0
configure:8250: result: yes
configure:8266: checking openssl/x509.h usability
configure:8266: gcc -std=gnu99 -c -g -O2 -D_XOPEN_SOURCE=600 -D_BSD_SOURCE -D_LARGE_FILES= -I/usr/include/libxml2 -I/usr/include/openssl  conftest.c >&5
configure:8266: $? = 0
configure:8266: result: yes
configure:8266: checking openssl/x509.h presence
configure:8266: gcc -std=gnu99 -E  conftest.c
configure:8266: $? = 0
configure:8266: result: yes
configure:8266: checking for openssl/x509.h
configure:8266: result: yes
configure:8266: checking openssl/rsa.h usability
configure:8266: gcc -std=gnu99 -c -g -O2 -D_XOPEN_SOURCE=600 -D_BSD_SOURCE -D_LARGE_FILES= -I/usr/include/libxml2 -I/usr/include/openssl  conftest.c >&5
configure:8266: $? = 0
configure:8266: result: yes
configure:8266: checking openssl/rsa.h presence
configure:8266: gcc -std=gnu99 -E  conftest.c
configure:8266: $? = 0
configure:8266: result: yes
configure:8266: checking for openssl/rsa.h
configure:8266: result: yes
configure:8266: checking openssl/crypto.h usability
configure:8266: gcc -std=gnu99 -c -g -O2 -D_XOPEN_SOURCE=600 -D_BSD_SOURCE -D_LARGE_FILES= -I/usr/include/libxml2 -I/usr/include/openssl  conftest.c >&5
configure:8266: $? = 0
configure:8266: result: yes
configure:8266: checking openssl/crypto.h presence
configure:8266: gcc -std=gnu99 -E  conftest.c
configure:8266: $? = 0
configure:8266: result: yes
configure:8266: checking for openssl/crypto.h
configure:8266: result: yes
configure:8266: checking openssl/pem.h usability
configure:8266: gcc -std=gnu99 -c -g -O2 -D_XOPEN_SOURCE=600 -D_BSD_SOURCE -D_LARGE_FILES= -I/usr/include/libxml2 -I/usr/include/openssl  conftest.c >&5
configure:8266: $? = 0
configure:8266: result: yes
configure:8266: checking openssl/pem.h presence
configure:8266: gcc -std=gnu99 -E  conftest.c
configure:8266: $? = 0
configure:8266: result: yes
configure:8266: checking for openssl/pem.h
configure:8266: result: yes
configure:8266: checking openssl/ssl.h usability
configure:8266: gcc -std=gnu99 -c -g -O2 -D_XOPEN_SOURCE=600 -D_BSD_SOURCE -D_LARGE_FILES= -I/usr/include/libxml2 -I/usr/include/openssl  conftest.c >&5
configure:8266: $? = 0
configure:8266: result: yes
configure:8266: checking openssl/ssl.h presence
configure:8266: gcc -std=gnu99 -E  conftest.c
configure:8266: $? = 0
configure:8266: result: yes
configure:8266: checking for openssl/ssl.h
configure:8266: result: yes
configure:8266: checking openssl/err.h usability
configure:8266: gcc -std=gnu99 -c -g -O2 -D_XOPEN_SOURCE=600 -D_BSD_SOURCE -D_LARGE_FILES= -I/usr/include/libxml2 -I/usr/include/openssl  conftest.c >&5
configure:8266: $? = 0
configure:8266: result: yes
configure:8266: checking openssl/err.h presence
configure:8266: gcc -std=gnu99 -E  conftest.c
configure:8266: $? = 0
configure:8266: result: yes
configure:8266: checking for openssl/err.h
configure:8266: result: yes
configure:8266: checking openssl/hmac.h usability
configure:8266: gcc -std=gnu99 -c -g -O2 -D_XOPEN_SOURCE=600 -D_BSD_SOURCE -D_LARGE_FILES= -I/usr/include/libxml2 -I/usr/include/openssl  conftest.c >&5
configure:8266: $? = 0
configure:8266: result: yes
configure:8266: checking openssl/hmac.h presence
configure:8266: gcc -std=gnu99 -E  conftest.c
configure:8266: $? = 0
configure:8266: result: yes
configure:8266: checking for openssl/hmac.h
configure:8266: result: yes
configure:8276: checking whether the OpenSSL library is multithread-enabled
configure:8298: gcc -std=gnu99 -o conftest -g -O2 -D_XOPEN_SOURCE=600 -D_BSD_SOURCE -D_LARGE_FILES= -I/usr/include/libxml2 -I/usr/include/openssl   -rdynamic conftest.c -lssl -lrt -lresolv -lnsl -lm  -lpthread -lxml2 -lz -lm -ldl -L/usr/lib64 -lcrypto >&5
conftest.c: In function 'main':
conftest.c:93:11: warning: implicit declaration of function 'exit' [-Wimplicit-function-declaration]
           exit(0);
           ^
conftest.c:93:11: warning: incompatible implicit declaration of built-in function 'exit' [enabled by default]
configure:8298: $? = 0
configure:8298: ./conftest
configure:8298: $? = 0
configure:8300: result: yes
configure:8305: checking whether to compile with SSL support
configure:8307: result: yes
configure:8350: checking whether to compile with MySQL support
configure:8708: result: disabled
configure:8716: checking whether to compile with LibSDB support
configure:8851: result: disabled
configure:8859: checking whether to compile with SQLite2 support
configure:8990: result: disabled
configure:8998: checking whether to compile with SQLite3 support
configure:9129: result: disabled
configure:9137: checking whether to compile with Oracle support
configure:9371: result: disabled
configure:9378: checking whether to compile with PostgresSQL support
configure:9616: result: disabled
configure:9622: checking whether to compile with FreeTDS Ct-Lib support
configure:9658: result: disabled
configure:9757: checking whether to compile with SOAP support
configure:9934: result: disabled
configure:10063: creating ./config.status

## ---------------------- ##
## Running config.status. ##
## ---------------------- ##

This file was extended by config.status, which was
generated by GNU Autoconf 2.69.  Invocation command line was

  CONFIG_FILES    = 
  CONFIG_HEADERS  = 
  CONFIG_LINKS    = 
  CONFIG_COMMANDS = 
  $ ./config.status 

on sivirk

config.status:924: creating gwlib/gw_uuid_types.h
config.status:924: creating Makefile
config.status:924: creating soap/Makefile
config.status:924: creating gw-config.h

## ---------------- ##
## Cache variables. ##
## ---------------- ##

ac_cv_build=x86_64-unknown-linux-gnu
ac_cv_c_compiler_gnu=yes
ac_cv_c_inline=inline
ac_cv_env_CC_set=
ac_cv_env_CC_value=
ac_cv_env_CFLAGS_set=
ac_cv_env_CFLAGS_value=
ac_cv_env_CPPFLAGS_set=
ac_cv_env_CPPFLAGS_value=
ac_cv_env_CPP_set=
ac_cv_env_CPP_value=
ac_cv_env_LDFLAGS_set=
ac_cv_env_LDFLAGS_value=
ac_cv_env_LIBS_set=
ac_cv_env_LIBS_value=
ac_cv_env_YACC_set=
ac_cv_env_YACC_value=
ac_cv_env_YFLAGS_set=
ac_cv_env_YFLAGS_value=
ac_cv_env_build_alias_set=
ac_cv_env_build_alias_value=
ac_cv_env_host_alias_set=
ac_cv_env_host_alias_value=
ac_cv_env_target_alias_set=
ac_cv_env_target_alias_value=
ac_cv_file__opt_local_lib_sgml_stylesheet_dsssl_docbook_nwalsh_html_docbook_dsl=no
ac_cv_file__opt_local_lib_sgml_stylesheet_dsssl_docbook_nwalsh_print_docbook_dsl=no
ac_cv_file__opt_local_lib_sgml_stylesheets_nwalsh_modular_html_docbook_dsl=no
ac_cv_file__opt_local_lib_sgml_stylesheets_nwalsh_modular_print_docbook_dsl=no
ac_cv_file__opt_local_share_dsssl_docbook_dsssl_html_docbook_dsl=no
ac_cv_file__opt_local_share_dsssl_docbook_dsssl_print_docbook_dsl=no
ac_cv_file__opt_local_share_sgml_docbook_dsssl_modular_html_docbook_dsl=no
ac_cv_file__opt_local_share_sgml_docbook_dsssl_modular_print_docbook_dsl=no
ac_cv_file__opt_local_share_sgml_docbook_dsssl_stylesheets_1_p_html_docbook_dsl=no
ac_cv_file__opt_local_share_sgml_docbook_dsssl_stylesheets_1_p_print_docbook_dsl=no
ac_cv_file__opt_local_share_sgml_docbook_dsssl_stylesheets_html_docbook_dsl=no
ac_cv_file__opt_local_share_sgml_docbook_dsssl_stylesheets_print_docbook_dsl=no
ac_cv_file__opt_local_share_sgml_docbook_stylesheet_dsssl_modular_html_docbook_dsl=no
ac_cv_file__opt_local_share_sgml_docbook_stylesheet_dsssl_modular_print_docbook_dsl=no
ac_cv_file__opt_local_share_sgml_dsssl_docbook_dsssl_nwalsh_html_docbook_dsl=no
ac_cv_file__opt_local_share_sgml_dsssl_docbook_dsssl_nwalsh_print_docbook_dsl=no
ac_cv_file__sw_lib_sgml_stylesheet_dsssl_docbook_nwalsh_html_docbook_dsl=no
ac_cv_file__sw_lib_sgml_stylesheet_dsssl_docbook_nwalsh_print_docbook_dsl=no
ac_cv_file__sw_lib_sgml_stylesheets_nwalsh_modular_html_docbook_dsl=no
ac_cv_file__sw_lib_sgml_stylesheets_nwalsh_modular_print_docbook_dsl=no
ac_cv_file__sw_share_dsssl_docbook_dsssl_html_docbook_dsl=no
ac_cv_file__sw_share_dsssl_docbook_dsssl_print_docbook_dsl=no
ac_cv_file__sw_share_sgml_docbook_dsssl_modular_html_docbook_dsl=no
ac_cv_file__sw_share_sgml_docbook_dsssl_modular_print_docbook_dsl=no
ac_cv_file__sw_share_sgml_docbook_dsssl_stylesheets_1_p_html_docbook_dsl=no
ac_cv_file__sw_share_sgml_docbook_dsssl_stylesheets_1_p_print_docbook_dsl=no
ac_cv_file__sw_share_sgml_docbook_dsssl_stylesheets_html_docbook_dsl=no
ac_cv_file__sw_share_sgml_docbook_dsssl_stylesheets_print_docbook_dsl=no
ac_cv_file__sw_share_sgml_docbook_stylesheet_dsssl_modular_html_docbook_dsl=no
ac_cv_file__sw_share_sgml_docbook_stylesheet_dsssl_modular_print_docbook_dsl=no
ac_cv_file__sw_share_sgml_dsssl_docbook_dsssl_nwalsh_html_docbook_dsl=no
ac_cv_file__sw_share_sgml_dsssl_docbook_dsssl_nwalsh_print_docbook_dsl=no
ac_cv_file__usr_lib_sgml_stylesheet_dsssl_docbook_nwalsh_html_docbook_dsl=no
ac_cv_file__usr_lib_sgml_stylesheet_dsssl_docbook_nwalsh_print_docbook_dsl=no
ac_cv_file__usr_lib_sgml_stylesheets_nwalsh_modular_html_docbook_dsl=no
ac_cv_file__usr_lib_sgml_stylesheets_nwalsh_modular_print_docbook_dsl=no
ac_cv_file__usr_local_lib_sgml_stylesheet_dsssl_docbook_nwalsh_html_docbook_dsl=no
ac_cv_file__usr_local_lib_sgml_stylesheet_dsssl_docbook_nwalsh_print_docbook_dsl=no
ac_cv_file__usr_local_lib_sgml_stylesheets_nwalsh_modular_html_docbook_dsl=no
ac_cv_file__usr_local_lib_sgml_stylesheets_nwalsh_modular_print_docbook_dsl=no
ac_cv_file__usr_local_share_dsssl_docbook_dsssl_html_docbook_dsl=no
ac_cv_file__usr_local_share_dsssl_docbook_dsssl_print_docbook_dsl=no
ac_cv_file__usr_local_share_sgml_docbook_dsssl_modular_html_docbook_dsl=no
ac_cv_file__usr_local_share_sgml_docbook_dsssl_modular_print_docbook_dsl=no
ac_cv_file__usr_local_share_sgml_docbook_dsssl_stylesheets_1_p_html_docbook_dsl=no
ac_cv_file__usr_local_share_sgml_docbook_dsssl_stylesheets_1_p_print_docbook_dsl=no
ac_cv_file__usr_local_share_sgml_docbook_dsssl_stylesheets_html_docbook_dsl=no
ac_cv_file__usr_local_share_sgml_docbook_dsssl_stylesheets_print_docbook_dsl=no
ac_cv_file__usr_local_share_sgml_docbook_stylesheet_dsssl_modular_html_docbook_dsl=no
ac_cv_file__usr_local_share_sgml_docbook_stylesheet_dsssl_modular_print_docbook_dsl=no
ac_cv_file__usr_local_share_sgml_dsssl_docbook_dsssl_nwalsh_html_docbook_dsl=no
ac_cv_file__usr_local_share_sgml_dsssl_docbook_dsssl_nwalsh_print_docbook_dsl=no
ac_cv_file__usr_share_dsssl_docbook_dsssl_html_docbook_dsl=no
ac_cv_file__usr_share_dsssl_docbook_dsssl_print_docbook_dsl=no
ac_cv_file__usr_share_sgml_docbook_dsssl_modular_html_docbook_dsl=no
ac_cv_file__usr_share_sgml_docbook_dsssl_modular_print_docbook_dsl=no
ac_cv_file__usr_share_sgml_docbook_dsssl_stylesheets_1_p_html_docbook_dsl=no
ac_cv_file__usr_share_sgml_docbook_dsssl_stylesheets_1_p_print_docbook_dsl=no
ac_cv_file__usr_share_sgml_docbook_dsssl_stylesheets_html_docbook_dsl=no
ac_cv_file__usr_share_sgml_docbook_dsssl_stylesheets_print_docbook_dsl=no
ac_cv_file__usr_share_sgml_docbook_stylesheet_dsssl_modular_html_docbook_dsl=no
ac_cv_file__usr_share_sgml_docbook_stylesheet_dsssl_modular_print_docbook_dsl=no
ac_cv_file__usr_share_sgml_dsssl_docbook_dsssl_nwalsh_html_docbook_dsl=no
ac_cv_file__usr_share_sgml_dsssl_docbook_dsssl_nwalsh_print_docbook_dsl=no
ac_cv_func_backtrace=yes
ac_cv_func_gethostbyname_r=yes
ac_cv_func_getopt=yes
ac_cv_func_getopt_long=yes
ac_cv_func_gettimeofday=yes
ac_cv_func_gmtime_r=yes
ac_cv_func_initgroups=yes
ac_cv_func_localtime_r=yes
ac_cv_func_nftw=yes
ac_cv_func_regcomp=yes
ac_cv_func_select=yes
ac_cv_func_socket=yes
ac_cv_func_srandom=yes
ac_cv_func_strdup=yes
ac_cv_func_strtoll=yes
ac_cv_func_strtoq=yes
ac_cv_func_which_gethostname_r=6
ac_cv_header_execinfo_h=yes
ac_cv_header_ftw_h=yes
ac_cv_header_getopt_h=yes
ac_cv_header_inttypes_h=yes
ac_cv_header_memory_h=yes
ac_cv_header_net_if_h=yes
ac_cv_header_netinet_in_h=yes
ac_cv_header_openssl_crypto_h=yes
ac_cv_header_openssl_err_h=yes
ac_cv_header_openssl_hmac_h=yes
ac_cv_header_openssl_pem_h=yes
ac_cv_header_openssl_rsa_h=yes
ac_cv_header_openssl_ssl_h=yes
ac_cv_header_openssl_x509_h=yes
ac_cv_header_pthread_h=yes
ac_cv_header_regex_h=yes
ac_cv_header_stdc=yes
ac_cv_header_stdint_h=yes
ac_cv_header_stdlib_h=yes
ac_cv_header_string_h=yes
ac_cv_header_strings_h=yes
ac_cv_header_sys_ioctl_h=yes
ac_cv_header_sys_poll_h=yes
ac_cv_header_sys_socket_h=yes
ac_cv_header_sys_sockio_h=no
ac_cv_header_sys_stat_h=yes
ac_cv_header_sys_time_h=yes
ac_cv_header_sys_types_h=yes
ac_cv_header_sys_ucontext_h=yes
ac_cv_header_syslog_h=yes
ac_cv_header_unistd_h=yes
ac_cv_header_zlib_h=yes
ac_cv_host=x86_64-unknown-linux-gnu
ac_cv_lib_bind_inet_ntop=no
ac_cv_lib_crypto_CRYPTO_lock=yes
ac_cv_lib_m_log=yes
ac_cv_lib_nsl_inet_ntoa=yes
ac_cv_lib_pthread_pthread_exit=yes
ac_cv_lib_resolv_inet_ntop=yes
ac_cv_lib_rt_sem_init=yes
ac_cv_lib_socket_accept=no
ac_cv_lib_ssl_SSL_connect=yes
ac_cv_lib_ssl_SSL_library_init=yes
ac_cv_objext=o
ac_cv_path_EGREP='/usr/bin/grep -E'
ac_cv_path_GREP=/usr/bin/grep
ac_cv_path_OPENSSL=/usr/bin/openssl
ac_cv_path_PERL=/usr/bin/perl
ac_cv_path_XML_CONFIG=/usr/bin/xml2-config
ac_cv_path_install='/usr/bin/install -c'
ac_cv_prog_CONVERT=no
ac_cv_prog_CPP='gcc -std=gnu99 -E'
ac_cv_prog_DVIPS=no
ac_cv_prog_FIG2DEV=no
ac_cv_prog_JADETEX=no
ac_cv_prog_PDFJADETEX=no
ac_cv_prog_ac_ct_AR=ar
ac_cv_prog_ac_ct_CC=gcc
ac_cv_prog_ac_ct_RANLIB=ranlib
ac_cv_prog_cc_c89=
ac_cv_prog_cc_c99=-std=gnu99
ac_cv_prog_cc_g=yes
ac_cv_sizeof_int=4
ac_cv_sizeof_long=8
ac_cv_sizeof_long_long=8
ac_cv_sizeof_short=2
ac_cv_sys_file_offset_bits=no
ac_cv_sys_largefile_CC=no
acl_cv_path_LD=/usr/bin/ld
acl_cv_prog_gnu_ld=yes
acl_cv_rpath=done
am_cv_func_iconv=yes
am_cv_func_iconv_works=yes
am_cv_lib_iconv=no
am_cv_proto_iconv='extern size_t iconv (iconv_t cd, char * *inbuf, size_t *inbytesleft, char * *outbuf, size_t *outbytesleft);'
am_cv_proto_iconv_arg1=
gw_cv_func_HAVE_GETOPT_IN_STDIO_H=no
gw_cv_func_HAVE_GETOPT_IN_UNISTD_H=yes
gw_cv_type_HAVE_SOCKLEN_T=yes

## ----------------- ##
## Output variables. ##
## ----------------- ##

AR='ar'
CC='gcc -std=gnu99'
CFLAGS='-g -O2 -D_XOPEN_SOURCE=600 -D_BSD_SOURCE -D_LARGE_FILES= -I/usr/include/libxml2 -I/usr/include/openssl'
CONVERT='no'
CPP='gcc -std=gnu99 -E'
CPPFLAGS=''
DEFS='-DHAVE_CONFIG_H'
DOCDRAFTS='IGNORE'
DOCSTARGET='no-docs'
DVIPS='no'
ECHO_C=''
ECHO_N='-n'
ECHO_T=''
EGREP='/usr/bin/grep -E'
EXEEXT=''
EXE_EXT=''
FIG2DEV='no'
GREP='/usr/bin/grep'
GSOAP_SHARE=''
GW_VERSION=''
HTML_DSL=''
INSTALL_DATA='${INSTALL} -m 644'
INSTALL_PROGRAM='${INSTALL}'
INSTALL_SCRIPT='${INSTALL}'
JADE='no'
JADETEX='no'
LDFLAGS=' -rdynamic'
LEX=':'
LEXLIB=''
LEX_OUTPUT_ROOT=''
LIBICONV=''
LIBOBJS=''
LIBS='-lssl -lrt -lresolv -lnsl -lm  -lpthread -lxml2 -lz -lm -ldl -L/usr/lib64 -lcrypto -lssl'
LIBTOOL='ar rc'
LTLIBICONV=''
LTLIBOBJS=''
MYSQL_CONFIG=''
OBJEXT='o'
OPENSSL='/usr/bin/openssl'
PACKAGE_BUGREPORT=''
PACKAGE_NAME=''
PACKAGE_STRING=''
PACKAGE_TARNAME=''
PACKAGE_URL=''
PACKAGE_VERSION=''
PATH_SEPARATOR=':'
PCRE_CONFIG=''
PDFJADETEX='no'
PERL='/usr/bin/perl'
PGSQL_CONFIG=''
PKGADD_NAME='Kannel - WAP and SMS gateway'
PKGADD_PKG='KANNELgateway'
PKGADD_VENDOR='www.kannel.org'
RANLIB='ranlib'
SDB_CONFIG=''
SHELL='/bin/sh'
SIZEOF_INT='4'
SIZEOF_LONG='8'
SIZEOF_LONG_LONG='8'
SIZEOF_SHORT='2'
SOAPCPP=''
SOAP_INCLUDE=''
SQLITE3=''
SQLITE=''
STARTSTOPDAEMONSRC=''
SUFFIX=''
TEX_DSL=''
VERSION='svn-r58aa09dM'
WSDL2H=''
XML_CONFIG='/usr/bin/xml2-config'
YACC='yacc'
YFLAGS=''
ac_ct_CC='gcc'
bindir='${exec_prefix}/bin'
build='x86_64-unknown-linux-gnu'
build_alias=''
build_cpu='x86_64'
build_os='linux-gnu'
build_vendor='unknown'
datadir='${datarootdir}'
datarootdir='${prefix}/share'
docdir='${prefix}/share/doc/kannel'
dvidir='${docdir}'
exec_prefix='${prefix}'
host='x86_64-unknown-linux-gnu'
host_alias=''
host_cpu='x86_64'
host_os='linux-gnu'
host_vendor='unknown'
htmldir='${docdir}'
includedir='${prefix}/include'
infodir='${datarootdir}/info'
libdir='${exec_prefix}/lib'
libexecdir='${exec_prefix}/libexec'
localedir='${datarootdir}/locale'
localstatedir='${prefix}/var'
mandir='${datarootdir}/man'
oldincludedir='/usr/include'
pdfdir='${docdir}'
prefix='/usr/local'
program_transform_name='s,x,x,'
psdir='${docdir}'
sbindir='${exec_prefix}/sbin'
sharedstatedir='${prefix}/com'
sysconfdir='${prefix}/etc'
target_alias=''

## ----------- ##
## confdefs.h. ##
## ----------- ##

/* confdefs.h */
#define PACKAGE_NAME ""
#define PACKAGE_TARNAME ""
#define PACKAGE_VERSION ""
#define PACKAGE_STRING ""
#define PACKAGE_BUGREPORT ""
#define PACKAGE_URL ""
#define GW_NAME "Kannel"
#define GW_VERSION "svn-r58aa09dM"
#define VERSION "svn-r58aa09dM"
#define STDC_HEADERS 1
#define HAVE_SYS_TYPES_H 1
#define HAVE_SYS_STAT_H 1
#define HAVE_STDLIB_H 1
#define HAVE_STRING_H 1
#define HAVE_MEMORY_H 1
#define HAVE_STRINGS_H 1
#define HAVE_INTTYPES_H 1
#define HAVE_STDINT_H 1
#define HAVE_UNISTD_H 1
#define SIZEOF_SHORT 2
#define SIZEOF_INT 4
#define SIZEOF_LONG 8
#define SIZEOF_LONG_LONG 8
#define HAVE_LIBM 1
#define HAVE_LIBNSL 1
#define HAVE_LIBRESOLV 1
#define STDC_HEADERS 1
#define HAVE_SYS_IOCTL_H 1
#define HAVE_SYS_TIME_H 1
#define HAVE_SYS_TYPES_H 1
#define HAVE_UNISTD_H 1
#define HAVE_SYS_POLL_H 1
#define HAVE_PTHREAD_H 1
#define HAVE_GETOPT_H 1
#define HAVE_SYSLOG_H 1
#define HAVE_ZLIB_H 1
#define HAVE_EXECINFO_H 1
#define HAVE_STDLIB_H 1
#define HAVE_SYS_SOCKET_H 1
#define HAVE_NETINET_IN_H 1
#define HAVE_NET_IF_H 1
#define HAVE_SYS_UCONTEXT_H 1
#define HAVE_UCONTEXT 1
#define HAVE___FUNCTION__ 1
#define HAVE___FUNC__ 1
#define HAVE_ICONV 1
#define ICONV_CONST 
#define HAVE_GETTIMEOFDAY 1
#define HAVE_SELECT 1
#define HAVE_SOCKET 1
#define HAVE_STRDUP 1
#define HAVE_GETOPT_LONG 1
#define HAVE_LOCALTIME_R 1
#define HAVE_GMTIME_R 1
#define HAVE_BACKTRACE 1
#define HAVE_SRANDOM 1
#define HAVE_INITGROUPS 1
#define HAVE_STRTOLL 1
#define HAVE_STRTOQ 1
#define HAVE_FUNC_GETHOSTBYNAME_R_6 1
#define HAVE_SOCKLEN_T 1
#define HAVE_GETOPT_IN_UNISTD_H 1
#define HAVE_FTW_H 1
#define HAVE_NFTW 1
#define HAVE_REGEX_H 1
#define HAVE_REGEX 1
#define HAVE_PTHREAD_SPINLOCK_T 1
#define HAVE_PTHREAD_RWLOCK 1
#define HAVE_LIBRT 1
#define HAVE_SEMAPHORE 1
#define SUFFIX ""
#define USE_GWMEM_NATIVE 1
#define LOG_TIMESTAMP_LOCALTIME 1
#define ENABLE_COOKIES 1
#define USE_KEEPALIVE 1
#define HAVE_LIBSSL 1
#define HAVE_OPENSSL_X509_H 1
#define HAVE_OPENSSL_RSA_H 1
#define HAVE_OPENSSL_CRYPTO_H 1
#define HAVE_OPENSSL_PEM_H 1
#define HAVE_OPENSSL_SSL_H 1
#define HAVE_OPENSSL_ERR_H 1
#define HAVE_OPENSSL_HMAC_H 1
#define HAVE_LIBSSL 1

configure: exit 0
